37
0,"Channel.CSV"
1,"RadioIDList.CSV"
2,"DMRZone.CSV"
3,"ScanList.CSV"
4,"AnalogAddressBook.CSV"
5,"DMRTalkGroups.CSV"
6,"PrefabricatedSMS.CSV"
7,"FM.CSV"
8,"DMRReceiveGroupCallList.CSV"
9,"5ToneEncode.CSV"
10,"2ToneEncode.CSV"
11,"DTMFEncode.CSV"
12,"HotKey_QuickCall.CSV"
13,"HotKey_State.CSV"
14,"HotKey_HotKey.CSV"
15,"DMRDigitalContactList.CSV"
16,"AutoRepeaterOffsetFrequencys.CSV"
17,"RoamingChannel.CSV"
18,"RoamingZone.CSV"
19,"APRS.CSV"
20,"GPSRoaming.CSV"
21,"OptionalSetting.CSV"
22,"AlertTone.CSV"
23,"NXEncryptionCode.CSV"
24,"NXStateMSG.CSV"
25,"NXReceiveGroupCallList.CSV"
26,"NXTalkGroup.CSV"
27,"AMAir.CSV"
28,"AESEncryptionCode.CSV"
29,"ARC4EncryptionCode.CSV"
30,"AMZone.CSV"
31,"NXDigitalContactList.CSV"
32,"TalkGroupblacklist(Repeater).CSV"
33,"DigitalContactblacklist(Repeater).CSV"
34,"NXSetting.CSV"
35,"MDC1200AddressBook.CSV"
36,"MDC1200Encode.CSV"
